2008-10-23 12:10:48,229 - Log4JLogChute initialized using file 'velocity.log'
2008-10-23 12:10:48,229 - Starting Apache Velocity v1.5 (compiled: 2007-02-22 08:52:29)
2008-10-23 12:10:48,229 - Default Properties File: org\apache\velocity\runtime\defaults\velocity.properties
2008-10-23 12:10:48,229 - Trying to use logger class org.apache.velocity.runtime.log.AvalonLogChute
2008-10-23 12:10:48,229 - Couldn't find class org.apache.velocity.runtime.log.AvalonLogChute or necessary supporting classes in classpath.
java.lang.NoClassDefFoundError: org/apache/log/format/Formatter
	at java.lang.Class.forName0(Native Method)
	at java.lang.Class.forName(Class.java:247)
	at org.apache.velocity.util.ClassUtils.getClass(ClassUtils.java:63)
	at org.apache.velocity.util.ClassUtils.getNewInstance(ClassUtils.java:95)
	at org.apache.velocity.runtime.log.LogManager.createLogChute(LogManager.java:147)
	at org.apache.velocity.runtime.log.LogManager.updateLog(LogManager.java:208)
	at org.apache.velocity.runtime.RuntimeInstance.initializeLog(RuntimeInstance.java:728)
	at org.apache.velocity.runtime.RuntimeInstance.init(RuntimeInstance.java:240)
	at org.apache.velocity.runtime.RuntimeInstance.init(RuntimeInstance.java:534)
	at org.apache.velocity.runtime.RuntimeSingleton.init(RuntimeSingleton.java:227)
	at org.apache.velocity.app.Velocity.init(Velocity.java:111)
	at org.openuss.openformula.component.formula.EditorRenderer.<init>(EditorRenderer.java:39)
	at org.openuss.openformula.component.formula.EditorRendererTest.setUp(EditorRendererTest.java:34)
	at junit.framework.TestCase.runBare(TestCase.java:128)
	at junit.framework.TestResult$1.protect(TestResult.java:106)
	at junit.framework.TestResult.runProtected(TestResult.java:124)
	at junit.framework.TestResult.run(TestResult.java:109)
	at junit.framework.TestCase.run(TestCase.java:120)
	at junit.framework.TestSuite.runTest(TestSuite.java:230)
	at junit.framework.TestSuite.run(TestSuite.java:225)
	at sun.reflect.NativeMethodAccessorImpl.invoke0(Native Method)
	at sun.reflect.NativeMethodAccessorImpl.invoke(NativeMethodAccessorImpl.java:39)
	at sun.reflect.DelegatingMethodAccessorImpl.invoke(DelegatingMethodAccessorImpl.java:25)
	at java.lang.reflect.Method.invoke(Method.java:597)
	at org.apache.maven.surefire.junit.JUnitTestSet.execute(JUnitTestSet.java:213)
	at org.apache.maven.surefire.suite.AbstractDirectoryTestSuite.executeTestSet(AbstractDirectoryTestSuite.java:140)
	at org.apache.maven.surefire.suite.AbstractDirectoryTestSuite.execute(AbstractDirectoryTestSuite.java:127)
	at org.apache.maven.surefire.Surefire.run(Surefire.java:177)
	at sun.reflect.NativeMethodAccessorImpl.invoke0(Native Method)
	at sun.reflect.NativeMethodAccessorImpl.invoke(NativeMethodAccessorImpl.java:39)
	at sun.reflect.DelegatingMethodAccessorImpl.invoke(DelegatingMethodAccessorImpl.java:25)
	at java.lang.reflect.Method.invoke(Method.java:597)
	at org.apache.maven.surefire.booter.SurefireBooter.runSuitesInProcess(SurefireBooter.java:338)
	at org.apache.maven.surefire.booter.SurefireBooter.main(SurefireBooter.java:997)
Caused by: java.lang.ClassNotFoundException: org.apache.log.format.Formatter
	at java.net.URLClassLoader$1.run(URLClassLoader.java:200)
	at java.security.AccessController.doPrivileged(Native Method)
	at java.net.URLClassLoader.findClass(URLClassLoader.java:188)
	at java.lang.ClassLoader.loadClass(ClassLoader.java:306)
	at sun.misc.Launcher$AppClassLoader.loadClass(Launcher.java:276)
	at java.lang.ClassLoader.loadClass(ClassLoader.java:251)
	at java.lang.ClassLoader.loadClassInternal(ClassLoader.java:319)
	... 34 more
2008-10-23 12:10:48,245 - Trying to use logger class org.apache.velocity.runtime.log.Log4JLogChute
2008-10-23 12:10:48,245 - Using logger class org.apache.velocity.runtime.log.Log4JLogChute
2008-10-23 12:10:48,245 - Default ResourceManager initializing. (class org.apache.velocity.runtime.resource.ResourceManagerImpl)
2008-10-23 12:10:48,245 - ResourceLoader instantiated: org.apache.velocity.runtime.resource.loader.FileResourceLoader
2008-10-23 12:10:48,245 - Do unicode file recognition:  false
2008-10-23 12:10:48,245 - FileResourceLoader : adding path 'd:/development/workspaces/plexus-branches/openuss-plexus-3.1/openformula/formula-jsf/src/main/resources'
2008-10-23 12:10:48,260 - ResourceCache: initialized (class org.apache.velocity.runtime.resource.ResourceCacheImpl)
2008-10-23 12:10:48,260 - Loaded System Directive: org.apache.velocity.runtime.directive.Literal
2008-10-23 12:10:48,260 - Loaded System Directive: org.apache.velocity.runtime.directive.Macro
2008-10-23 12:10:48,260 - Loaded System Directive: org.apache.velocity.runtime.directive.Parse
2008-10-23 12:10:48,276 - Loaded System Directive: org.apache.velocity.runtime.directive.Include
2008-10-23 12:10:48,276 - Loaded System Directive: org.apache.velocity.runtime.directive.Foreach
2008-10-23 12:10:48,307 - Created '20' parsers.
2008-10-23 12:10:48,323 - Velocimacro : "velocimacro.library" is not set.  Trying default library: VM_global_library.vm
2008-10-23 12:10:48,323 - Velocimacro : Default library not found.
2008-10-23 12:10:48,323 - Velocimacro : allowInline = true : VMs can be defined inline in templates
2008-10-23 12:10:48,323 - Velocimacro : allowInlineToOverride = false : VMs defined inline may NOT replace previous VM definitions
2008-10-23 12:10:48,323 - Velocimacro : allowInlineLocal = false : VMs defined inline will be global in scope if allowed.
2008-10-23 12:10:48,323 - Velocimacro : autoload off : VM system will not automatically reload global library macros
2008-10-23 12:10:48,354 - ResourceManager : found templates/editor.vsl with loader org.apache.velocity.runtime.resource.loader.FileResourceLoader
2008-10-23 12:56:17,804 - Log4JLogChute initialized using file 'velocity.log'
2008-10-23 12:56:17,851 - Starting Apache Velocity v1.5 (compiled: 2007-02-22 08:52:29)
2008-10-23 12:56:17,851 - Default Properties File: org\apache\velocity\runtime\defaults\velocity.properties
2008-10-23 12:56:17,851 - Trying to use logger class org.apache.velocity.runtime.log.AvalonLogChute
2008-10-23 12:56:17,851 - Couldn't find class org.apache.velocity.runtime.log.AvalonLogChute or necessary supporting classes in classpath.
java.lang.NoClassDefFoundError: org/apache/log/format/Formatter
	at java.lang.Class.forName0(Native Method)
	at java.lang.Class.forName(Class.java:247)
	at org.apache.velocity.util.ClassUtils.getClass(ClassUtils.java:63)
	at org.apache.velocity.util.ClassUtils.getNewInstance(ClassUtils.java:95)
	at org.apache.velocity.runtime.log.LogManager.createLogChute(LogManager.java:147)
	at org.apache.velocity.runtime.log.LogManager.updateLog(LogManager.java:208)
	at org.apache.velocity.runtime.RuntimeInstance.initializeLog(RuntimeInstance.java:728)
	at org.apache.velocity.runtime.RuntimeInstance.init(RuntimeInstance.java:240)
	at org.apache.velocity.runtime.RuntimeInstance.init(RuntimeInstance.java:534)
	at org.apache.velocity.runtime.RuntimeSingleton.init(RuntimeSingleton.java:227)
	at org.apache.velocity.app.Velocity.init(Velocity.java:111)
	at org.openuss.openformula.component.formula.EditorRenderer.<init>(EditorRenderer.java:39)
	at org.openuss.openformula.component.formula.EditorRendererTest.setUp(EditorRendererTest.java:34)
	at junit.framework.TestCase.runBare(TestCase.java:128)
	at junit.framework.TestResult$1.protect(TestResult.java:106)
	at junit.framework.TestResult.runProtected(TestResult.java:124)
	at junit.framework.TestResult.run(TestResult.java:109)
	at junit.framework.TestCase.run(TestCase.java:120)
	at junit.framework.TestSuite.runTest(TestSuite.java:230)
	at junit.framework.TestSuite.run(TestSuite.java:225)
	at sun.reflect.NativeMethodAccessorImpl.invoke0(Native Method)
	at sun.reflect.NativeMethodAccessorImpl.invoke(NativeMethodAccessorImpl.java:39)
	at sun.reflect.DelegatingMethodAccessorImpl.invoke(DelegatingMethodAccessorImpl.java:25)
	at java.lang.reflect.Method.invoke(Method.java:597)
	at org.apache.maven.surefire.junit.JUnitTestSet.execute(JUnitTestSet.java:213)
	at org.apache.maven.surefire.suite.AbstractDirectoryTestSuite.executeTestSet(AbstractDirectoryTestSuite.java:140)
	at org.apache.maven.surefire.suite.AbstractDirectoryTestSuite.execute(AbstractDirectoryTestSuite.java:127)
	at org.apache.maven.surefire.Surefire.run(Surefire.java:177)
	at sun.reflect.NativeMethodAccessorImpl.invoke0(Native Method)
	at sun.reflect.NativeMethodAccessorImpl.invoke(NativeMethodAccessorImpl.java:39)
	at sun.reflect.DelegatingMethodAccessorImpl.invoke(DelegatingMethodAccessorImpl.java:25)
	at java.lang.reflect.Method.invoke(Method.java:597)
	at org.apache.maven.surefire.booter.SurefireBooter.runSuitesInProcess(SurefireBooter.java:338)
	at org.apache.maven.surefire.booter.SurefireBooter.main(SurefireBooter.java:997)
Caused by: java.lang.ClassNotFoundException: org.apache.log.format.Formatter
	at java.net.URLClassLoader$1.run(URLClassLoader.java:200)
	at java.security.AccessController.doPrivileged(Native Method)
	at java.net.URLClassLoader.findClass(URLClassLoader.java:188)
	at java.lang.ClassLoader.loadClass(ClassLoader.java:306)
	at sun.misc.Launcher$AppClassLoader.loadClass(Launcher.java:276)
	at java.lang.ClassLoader.loadClass(ClassLoader.java:251)
	at java.lang.ClassLoader.loadClassInternal(ClassLoader.java:319)
	... 34 more
2008-10-23 12:56:17,851 - Trying to use logger class org.apache.velocity.runtime.log.Log4JLogChute
2008-10-23 12:56:17,851 - Using logger class org.apache.velocity.runtime.log.Log4JLogChute
2008-10-23 12:56:17,851 - Default ResourceManager initializing. (class org.apache.velocity.runtime.resource.ResourceManagerImpl)
2008-10-23 12:56:17,866 - ResourceLoader instantiated: org.apache.velocity.runtime.resource.loader.FileResourceLoader
2008-10-23 12:56:17,866 - Do unicode file recognition:  false
2008-10-23 12:56:17,866 - FileResourceLoader : adding path 'd:/development/workspaces/plexus-branches/openuss-plexus-3.1/openformula/formula-jsf/src/main/resources'
2008-10-23 12:56:17,882 - ResourceCache: initialized (class org.apache.velocity.runtime.resource.ResourceCacheImpl)
2008-10-23 12:56:17,882 - Loaded System Directive: org.apache.velocity.runtime.directive.Literal
2008-10-23 12:56:17,882 - Loaded System Directive: org.apache.velocity.runtime.directive.Macro
2008-10-23 12:56:17,882 - Loaded System Directive: org.apache.velocity.runtime.directive.Parse
2008-10-23 12:56:17,882 - Loaded System Directive: org.apache.velocity.runtime.directive.Include
2008-10-23 12:56:17,882 - Loaded System Directive: org.apache.velocity.runtime.directive.Foreach
2008-10-23 12:56:17,929 - Created '20' parsers.
2008-10-23 12:56:17,929 - Velocimacro : "velocimacro.library" is not set.  Trying default library: VM_global_library.vm
2008-10-23 12:56:17,929 - Velocimacro : Default library not found.
2008-10-23 12:56:17,929 - Velocimacro : allowInline = true : VMs can be defined inline in templates
2008-10-23 12:56:17,929 - Velocimacro : allowInlineToOverride = false : VMs defined inline may NOT replace previous VM definitions
2008-10-23 12:56:17,929 - Velocimacro : allowInlineLocal = false : VMs defined inline will be global in scope if allowed.
2008-10-23 12:56:17,929 - Velocimacro : autoload off : VM system will not automatically reload global library macros
2008-10-23 12:56:17,960 - ResourceManager : found templates/editor.vsl with loader org.apache.velocity.runtime.resource.loader.FileResourceLoader
2008-10-23 13:09:46,410 - Log4JLogChute initialized using file 'velocity.log'
2008-10-23 13:09:46,410 - Starting Apache Velocity v1.5 (compiled: 2007-02-22 08:52:29)
2008-10-23 13:09:46,410 - Default Properties File: org\apache\velocity\runtime\defaults\velocity.properties
2008-10-23 13:09:46,410 - Trying to use logger class org.apache.velocity.runtime.log.AvalonLogChute
2008-10-23 13:09:46,410 - Couldn't find class org.apache.velocity.runtime.log.AvalonLogChute or necessary supporting classes in classpath.
java.lang.NoClassDefFoundError: org/apache/log/format/Formatter
	at java.lang.Class.forName0(Native Method)
	at java.lang.Class.forName(Class.java:247)
	at org.apache.velocity.util.ClassUtils.getClass(ClassUtils.java:63)
	at org.apache.velocity.util.ClassUtils.getNewInstance(ClassUtils.java:95)
	at org.apache.velocity.runtime.log.LogManager.createLogChute(LogManager.java:147)
	at org.apache.velocity.runtime.log.LogManager.updateLog(LogManager.java:208)
	at org.apache.velocity.runtime.RuntimeInstance.initializeLog(RuntimeInstance.java:728)
	at org.apache.velocity.runtime.RuntimeInstance.init(RuntimeInstance.java:240)
	at org.apache.velocity.runtime.RuntimeInstance.init(RuntimeInstance.java:534)
	at org.apache.velocity.runtime.RuntimeSingleton.init(RuntimeSingleton.java:227)
	at org.apache.velocity.app.Velocity.init(Velocity.java:111)
	at org.openuss.openformula.component.formula.EditorRenderer.<init>(EditorRenderer.java:39)
	at org.openuss.openformula.component.formula.EditorRendererTest.setUp(EditorRendererTest.java:34)
	at junit.framework.TestCase.runBare(TestCase.java:128)
	at junit.framework.TestResult$1.protect(TestResult.java:106)
	at junit.framework.TestResult.runProtected(TestResult.java:124)
	at junit.framework.TestResult.run(TestResult.java:109)
	at junit.framework.TestCase.run(TestCase.java:120)
	at junit.framework.TestSuite.runTest(TestSuite.java:230)
	at junit.framework.TestSuite.run(TestSuite.java:225)
	at sun.reflect.NativeMethodAccessorImpl.invoke0(Native Method)
	at sun.reflect.NativeMethodAccessorImpl.invoke(NativeMethodAccessorImpl.java:39)
	at sun.reflect.DelegatingMethodAccessorImpl.invoke(DelegatingMethodAccessorImpl.java:25)
	at java.lang.reflect.Method.invoke(Method.java:597)
	at org.apache.maven.surefire.junit.JUnitTestSet.execute(JUnitTestSet.java:213)
	at org.apache.maven.surefire.suite.AbstractDirectoryTestSuite.executeTestSet(AbstractDirectoryTestSuite.java:140)
	at org.apache.maven.surefire.suite.AbstractDirectoryTestSuite.execute(AbstractDirectoryTestSuite.java:127)
	at org.apache.maven.surefire.Surefire.run(Surefire.java:177)
	at sun.reflect.NativeMethodAccessorImpl.invoke0(Native Method)
	at sun.reflect.NativeMethodAccessorImpl.invoke(NativeMethodAccessorImpl.java:39)
	at sun.reflect.DelegatingMethodAccessorImpl.invoke(DelegatingMethodAccessorImpl.java:25)
	at java.lang.reflect.Method.invoke(Method.java:597)
	at org.apache.maven.surefire.booter.SurefireBooter.runSuitesInProcess(SurefireBooter.java:338)
	at org.apache.maven.surefire.booter.SurefireBooter.main(SurefireBooter.java:997)
Caused by: java.lang.ClassNotFoundException: org.apache.log.format.Formatter
	at java.net.URLClassLoader$1.run(URLClassLoader.java:200)
	at java.security.AccessController.doPrivileged(Native Method)
	at java.net.URLClassLoader.findClass(URLClassLoader.java:188)
	at java.lang.ClassLoader.loadClass(ClassLoader.java:306)
	at sun.misc.Launcher$AppClassLoader.loadClass(Launcher.java:276)
	at java.lang.ClassLoader.loadClass(ClassLoader.java:251)
	at java.lang.ClassLoader.loadClassInternal(ClassLoader.java:319)
	... 34 more
2008-10-23 13:09:46,410 - Trying to use logger class org.apache.velocity.runtime.log.Log4JLogChute
2008-10-23 13:09:46,410 - Using logger class org.apache.velocity.runtime.log.Log4JLogChute
2008-10-23 13:09:46,410 - Default ResourceManager initializing. (class org.apache.velocity.runtime.resource.ResourceManagerImpl)
2008-10-23 13:09:46,410 - ResourceLoader instantiated: org.apache.velocity.runtime.resource.loader.FileResourceLoader
2008-10-23 13:09:46,410 - Do unicode file recognition:  false
2008-10-23 13:09:46,410 - FileResourceLoader : adding path 'd:/development/workspaces/plexus-branches/openuss-plexus-3.1/openformula/formula-jsf/src/main/resources'
2008-10-23 13:09:46,425 - ResourceCache: initialized (class org.apache.velocity.runtime.resource.ResourceCacheImpl)
2008-10-23 13:09:46,425 - Loaded System Directive: org.apache.velocity.runtime.directive.Literal
2008-10-23 13:09:46,441 - Loaded System Directive: org.apache.velocity.runtime.directive.Macro
2008-10-23 13:09:46,441 - Loaded System Directive: org.apache.velocity.runtime.directive.Parse
2008-10-23 13:09:46,441 - Loaded System Directive: org.apache.velocity.runtime.directive.Include
2008-10-23 13:09:46,441 - Loaded System Directive: org.apache.velocity.runtime.directive.Foreach
2008-10-23 13:09:46,472 - Created '20' parsers.
2008-10-23 13:09:46,488 - Velocimacro : "velocimacro.library" is not set.  Trying default library: VM_global_library.vm
2008-10-23 13:09:46,488 - Velocimacro : Default library not found.
2008-10-23 13:09:46,488 - Velocimacro : allowInline = true : VMs can be defined inline in templates
2008-10-23 13:09:46,488 - Velocimacro : allowInlineToOverride = false : VMs defined inline may NOT replace previous VM definitions
2008-10-23 13:09:46,488 - Velocimacro : allowInlineLocal = false : VMs defined inline will be global in scope if allowed.
2008-10-23 13:09:46,488 - Velocimacro : autoload off : VM system will not automatically reload global library macros
2008-10-23 13:09:46,503 - ResourceManager : found templates/editor.vsl with loader org.apache.velocity.runtime.resource.loader.FileResourceLoader
2008-10-24 10:00:03,920 - Log4JLogChute initialized using file 'velocity.log'
2008-10-24 10:00:03,936 - Starting Apache Velocity v1.5 (compiled: 2007-02-22 08:52:29)
2008-10-24 10:00:03,936 - Default Properties File: org\apache\velocity\runtime\defaults\velocity.properties
2008-10-24 10:00:03,936 - Trying to use logger class org.apache.velocity.runtime.log.AvalonLogChute
2008-10-24 10:00:03,936 - Couldn't find class org.apache.velocity.runtime.log.AvalonLogChute or necessary supporting classes in classpath.
java.lang.NoClassDefFoundError: org/apache/log/format/Formatter
	at java.lang.Class.forName0(Native Method)
	at java.lang.Class.forName(Class.java:247)
	at org.apache.velocity.util.ClassUtils.getClass(ClassUtils.java:63)
	at org.apache.velocity.util.ClassUtils.getNewInstance(ClassUtils.java:95)
	at org.apache.velocity.runtime.log.LogManager.createLogChute(LogManager.java:147)
	at org.apache.velocity.runtime.log.LogManager.updateLog(LogManager.java:208)
	at org.apache.velocity.runtime.RuntimeInstance.initializeLog(RuntimeInstance.java:728)
	at org.apache.velocity.runtime.RuntimeInstance.init(RuntimeInstance.java:240)
	at org.apache.velocity.runtime.RuntimeInstance.init(RuntimeInstance.java:534)
	at org.apache.velocity.runtime.RuntimeSingleton.init(RuntimeSingleton.java:227)
	at org.apache.velocity.app.Velocity.init(Velocity.java:111)
	at org.openuss.openformula.component.formula.EditorRenderer.<init>(EditorRenderer.java:39)
	at org.openuss.openformula.component.formula.EditorRendererTest.setUp(EditorRendererTest.java:34)
	at junit.framework.TestCase.runBare(TestCase.java:128)
	at junit.framework.TestResult$1.protect(TestResult.java:106)
	at junit.framework.TestResult.runProtected(TestResult.java:124)
	at junit.framework.TestResult.run(TestResult.java:109)
	at junit.framework.TestCase.run(TestCase.java:120)
	at junit.framework.TestSuite.runTest(TestSuite.java:230)
	at junit.framework.TestSuite.run(TestSuite.java:225)
	at sun.reflect.NativeMethodAccessorImpl.invoke0(Native Method)
	at sun.reflect.NativeMethodAccessorImpl.invoke(NativeMethodAccessorImpl.java:39)
	at sun.reflect.DelegatingMethodAccessorImpl.invoke(DelegatingMethodAccessorImpl.java:25)
	at java.lang.reflect.Method.invoke(Method.java:597)
	at org.apache.maven.surefire.junit.JUnitTestSet.execute(JUnitTestSet.java:213)
	at org.apache.maven.surefire.suite.AbstractDirectoryTestSuite.executeTestSet(AbstractDirectoryTestSuite.java:140)
	at org.apache.maven.surefire.suite.AbstractDirectoryTestSuite.execute(AbstractDirectoryTestSuite.java:127)
	at org.apache.maven.surefire.Surefire.run(Surefire.java:177)
	at sun.reflect.NativeMethodAccessorImpl.invoke0(Native Method)
	at sun.reflect.NativeMethodAccessorImpl.invoke(NativeMethodAccessorImpl.java:39)
	at sun.reflect.DelegatingMethodAccessorImpl.invoke(DelegatingMethodAccessorImpl.java:25)
	at java.lang.reflect.Method.invoke(Method.java:597)
	at org.apache.maven.surefire.booter.SurefireBooter.runSuitesInProcess(SurefireBooter.java:338)
	at org.apache.maven.surefire.booter.SurefireBooter.main(SurefireBooter.java:997)
Caused by: java.lang.ClassNotFoundException: org.apache.log.format.Formatter
	at java.net.URLClassLoader$1.run(URLClassLoader.java:200)
	at java.security.AccessController.doPrivileged(Native Method)
	at java.net.URLClassLoader.findClass(URLClassLoader.java:188)
	at java.lang.ClassLoader.loadClass(ClassLoader.java:306)
	at sun.misc.Launcher$AppClassLoader.loadClass(Launcher.java:276)
	at java.lang.ClassLoader.loadClass(ClassLoader.java:251)
	at java.lang.ClassLoader.loadClassInternal(ClassLoader.java:319)
	... 34 more
2008-10-24 10:00:03,936 - Trying to use logger class org.apache.velocity.runtime.log.Log4JLogChute
2008-10-24 10:00:03,936 - Using logger class org.apache.velocity.runtime.log.Log4JLogChute
2008-10-24 10:00:03,951 - Default ResourceManager initializing. (class org.apache.velocity.runtime.resource.ResourceManagerImpl)
2008-10-24 10:00:03,951 - ResourceLoader instantiated: org.apache.velocity.runtime.resource.loader.FileResourceLoader
2008-10-24 10:00:03,951 - Do unicode file recognition:  false
2008-10-24 10:00:03,951 - FileResourceLoader : adding path 'd:/development/workspaces/plexus-branches/openuss-plexus-3.1/openformula/formula-jsf/src/main/resources'
2008-10-24 10:00:03,967 - ResourceCache: initialized (class org.apache.velocity.runtime.resource.ResourceCacheImpl)
2008-10-24 10:00:03,967 - Loaded System Directive: org.apache.velocity.runtime.directive.Literal
2008-10-24 10:00:03,967 - Loaded System Directive: org.apache.velocity.runtime.directive.Macro
2008-10-24 10:00:03,967 - Loaded System Directive: org.apache.velocity.runtime.directive.Parse
2008-10-24 10:00:03,967 - Loaded System Directive: org.apache.velocity.runtime.directive.Include
2008-10-24 10:00:03,967 - Loaded System Directive: org.apache.velocity.runtime.directive.Foreach
2008-10-24 10:00:04,014 - Created '20' parsers.
2008-10-24 10:00:04,014 - Velocimacro : "velocimacro.library" is not set.  Trying default library: VM_global_library.vm
2008-10-24 10:00:04,014 - Velocimacro : Default library not found.
2008-10-24 10:00:04,014 - Velocimacro : allowInline = true : VMs can be defined inline in templates
2008-10-24 10:00:04,014 - Velocimacro : allowInlineToOverride = false : VMs defined inline may NOT replace previous VM definitions
2008-10-24 10:00:04,014 - Velocimacro : allowInlineLocal = false : VMs defined inline will be global in scope if allowed.
2008-10-24 10:00:04,014 - Velocimacro : autoload off : VM system will not automatically reload global library macros
2008-10-24 10:00:04,076 - ResourceManager : found templates/editor.vsl with loader org.apache.velocity.runtime.resource.loader.FileResourceLoader
2008-10-24 11:41:36,729 - Log4JLogChute initialized using file 'velocity.log'
2008-10-24 11:41:36,744 - Starting Apache Velocity v1.5 (compiled: 2007-02-22 08:52:29)
2008-10-24 11:41:36,744 - Default Properties File: org\apache\velocity\runtime\defaults\velocity.properties
2008-10-24 11:41:36,744 - Trying to use logger class org.apache.velocity.runtime.log.AvalonLogChute
2008-10-24 11:41:36,744 - Couldn't find class org.apache.velocity.runtime.log.AvalonLogChute or necessary supporting classes in classpath.
java.lang.NoClassDefFoundError: org/apache/log/format/Formatter
	at java.lang.Class.forName0(Native Method)
	at java.lang.Class.forName(Class.java:247)
	at org.apache.velocity.util.ClassUtils.getClass(ClassUtils.java:63)
	at org.apache.velocity.util.ClassUtils.getNewInstance(ClassUtils.java:95)
	at org.apache.velocity.runtime.log.LogManager.createLogChute(LogManager.java:147)
	at org.apache.velocity.runtime.log.LogManager.updateLog(LogManager.java:208)
	at org.apache.velocity.runtime.RuntimeInstance.initializeLog(RuntimeInstance.java:728)
	at org.apache.velocity.runtime.RuntimeInstance.init(RuntimeInstance.java:240)
	at org.apache.velocity.runtime.RuntimeInstance.init(RuntimeInstance.java:534)
	at org.apache.velocity.runtime.RuntimeSingleton.init(RuntimeSingleton.java:227)
	at org.apache.velocity.app.Velocity.init(Velocity.java:111)
	at org.openuss.openformula.component.formula.EditorRenderer.<init>(EditorRenderer.java:39)
	at org.openuss.openformula.component.formula.EditorRendererTest.setUp(EditorRendererTest.java:34)
	at junit.framework.TestCase.runBare(TestCase.java:128)
	at junit.framework.TestResult$1.protect(TestResult.java:106)
	at junit.framework.TestResult.runProtected(TestResult.java:124)
	at junit.framework.TestResult.run(TestResult.java:109)
	at junit.framework.TestCase.run(TestCase.java:120)
	at junit.framework.TestSuite.runTest(TestSuite.java:230)
	at junit.framework.TestSuite.run(TestSuite.java:225)
	at sun.reflect.NativeMethodAccessorImpl.invoke0(Native Method)
	at sun.reflect.NativeMethodAccessorImpl.invoke(NativeMethodAccessorImpl.java:39)
	at sun.reflect.DelegatingMethodAccessorImpl.invoke(DelegatingMethodAccessorImpl.java:25)
	at java.lang.reflect.Method.invoke(Method.java:597)
	at org.apache.maven.surefire.junit.JUnitTestSet.execute(JUnitTestSet.java:213)
	at org.apache.maven.surefire.suite.AbstractDirectoryTestSuite.executeTestSet(AbstractDirectoryTestSuite.java:140)
	at org.apache.maven.surefire.suite.AbstractDirectoryTestSuite.execute(AbstractDirectoryTestSuite.java:127)
	at org.apache.maven.surefire.Surefire.run(Surefire.java:177)
	at sun.reflect.NativeMethodAccessorImpl.invoke0(Native Method)
	at sun.reflect.NativeMethodAccessorImpl.invoke(NativeMethodAccessorImpl.java:39)
	at sun.reflect.DelegatingMethodAccessorImpl.invoke(DelegatingMethodAccessorImpl.java:25)
	at java.lang.reflect.Method.invoke(Method.java:597)
	at org.apache.maven.surefire.booter.SurefireBooter.runSuitesInProcess(SurefireBooter.java:338)
	at org.apache.maven.surefire.booter.SurefireBooter.main(SurefireBooter.java:997)
Caused by: java.lang.ClassNotFoundException: org.apache.log.format.Formatter
	at java.net.URLClassLoader$1.run(URLClassLoader.java:200)
	at java.security.AccessController.doPrivileged(Native Method)
	at java.net.URLClassLoader.findClass(URLClassLoader.java:188)
	at java.lang.ClassLoader.loadClass(ClassLoader.java:306)
	at sun.misc.Launcher$AppClassLoader.loadClass(Launcher.java:276)
	at java.lang.ClassLoader.loadClass(ClassLoader.java:251)
	at java.lang.ClassLoader.loadClassInternal(ClassLoader.java:319)
	... 34 more
2008-10-24 11:41:36,744 - Trying to use logger class org.apache.velocity.runtime.log.Log4JLogChute
2008-10-24 11:41:36,744 - Using logger class org.apache.velocity.runtime.log.Log4JLogChute
2008-10-24 11:41:36,744 - Default ResourceManager initializing. (class org.apache.velocity.runtime.resource.ResourceManagerImpl)
2008-10-24 11:41:36,760 - ResourceLoader instantiated: org.apache.velocity.runtime.resource.loader.FileResourceLoader
2008-10-24 11:41:36,760 - Do unicode file recognition:  false
2008-10-24 11:41:36,760 - FileResourceLoader : adding path 'd:/development/workspaces/plexus-branches/openuss-plexus-3.1/openformula/formula-jsf/src/main/resources'
2008-10-24 11:41:36,775 - ResourceCache: initialized (class org.apache.velocity.runtime.resource.ResourceCacheImpl)
2008-10-24 11:41:36,775 - Loaded System Directive: org.apache.velocity.runtime.directive.Literal
2008-10-24 11:41:36,775 - Loaded System Directive: org.apache.velocity.runtime.directive.Macro
2008-10-24 11:41:36,775 - Loaded System Directive: org.apache.velocity.runtime.directive.Parse
2008-10-24 11:41:36,775 - Loaded System Directive: org.apache.velocity.runtime.directive.Include
2008-10-24 11:41:36,775 - Loaded System Directive: org.apache.velocity.runtime.directive.Foreach
2008-10-24 11:41:36,822 - Created '20' parsers.
2008-10-24 11:41:36,822 - Velocimacro : "velocimacro.library" is not set.  Trying default library: VM_global_library.vm
2008-10-24 11:41:36,853 - Velocimacro : Default library not found.
2008-10-24 11:41:36,853 - Velocimacro : allowInline = true : VMs can be defined inline in templates
2008-10-24 11:41:36,853 - Velocimacro : allowInlineToOverride = false : VMs defined inline may NOT replace previous VM definitions
2008-10-24 11:41:36,853 - Velocimacro : allowInlineLocal = false : VMs defined inline will be global in scope if allowed.
2008-10-24 11:41:36,853 - Velocimacro : autoload off : VM system will not automatically reload global library macros
2008-10-24 11:41:36,885 - ResourceManager : found templates/editor.vsl with loader org.apache.velocity.runtime.resource.loader.FileResourceLoader
2008-10-25 11:23:37,620 - Log4JLogChute initialized using file 'velocity.log'
2008-10-25 11:23:37,651 - Starting Apache Velocity v1.5 (compiled: 2007-02-22 08:52:29)
2008-10-25 11:23:37,651 - Default Properties File: org\apache\velocity\runtime\defaults\velocity.properties
2008-10-25 11:23:37,651 - Trying to use logger class org.apache.velocity.runtime.log.AvalonLogChute
2008-10-25 11:23:37,667 - Couldn't find class org.apache.velocity.runtime.log.AvalonLogChute or necessary supporting classes in classpath.
java.lang.NoClassDefFoundError: org/apache/log/format/Formatter
	at java.lang.Class.forName0(Native Method)
	at java.lang.Class.forName(Class.java:247)
	at org.apache.velocity.util.ClassUtils.getClass(ClassUtils.java:63)
	at org.apache.velocity.util.ClassUtils.getNewInstance(ClassUtils.java:95)
	at org.apache.velocity.runtime.log.LogManager.createLogChute(LogManager.java:147)
	at org.apache.velocity.runtime.log.LogManager.updateLog(LogManager.java:208)
	at org.apache.velocity.runtime.RuntimeInstance.initializeLog(RuntimeInstance.java:728)
	at org.apache.velocity.runtime.RuntimeInstance.init(RuntimeInstance.java:240)
	at org.apache.velocity.runtime.RuntimeInstance.init(RuntimeInstance.java:534)
	at org.apache.velocity.runtime.RuntimeSingleton.init(RuntimeSingleton.java:227)
	at org.apache.velocity.app.Velocity.init(Velocity.java:111)
	at org.openuss.openformula.component.formula.EditorRenderer.<init>(EditorRenderer.java:39)
	at org.openuss.openformula.component.formula.EditorRendererTest.setUp(EditorRendererTest.java:34)
	at junit.framework.TestCase.runBare(TestCase.java:128)
	at junit.framework.TestResult$1.protect(TestResult.java:106)
	at junit.framework.TestResult.runProtected(TestResult.java:124)
	at junit.framework.TestResult.run(TestResult.java:109)
	at junit.framework.TestCase.run(TestCase.java:120)
	at junit.framework.TestSuite.runTest(TestSuite.java:230)
	at junit.framework.TestSuite.run(TestSuite.java:225)
	at sun.reflect.NativeMethodAccessorImpl.invoke0(Native Method)
	at sun.reflect.NativeMethodAccessorImpl.invoke(NativeMethodAccessorImpl.java:39)
	at sun.reflect.DelegatingMethodAccessorImpl.invoke(DelegatingMethodAccessorImpl.java:25)
	at java.lang.reflect.Method.invoke(Method.java:597)
	at org.apache.maven.surefire.junit.JUnitTestSet.execute(JUnitTestSet.java:213)
	at org.apache.maven.surefire.suite.AbstractDirectoryTestSuite.executeTestSet(AbstractDirectoryTestSuite.java:140)
	at org.apache.maven.surefire.suite.AbstractDirectoryTestSuite.execute(AbstractDirectoryTestSuite.java:127)
	at org.apache.maven.surefire.Surefire.run(Surefire.java:177)
	at sun.reflect.NativeMethodAccessorImpl.invoke0(Native Method)
	at sun.reflect.NativeMethodAccessorImpl.invoke(NativeMethodAccessorImpl.java:39)
	at sun.reflect.DelegatingMethodAccessorImpl.invoke(DelegatingMethodAccessorImpl.java:25)
	at java.lang.reflect.Method.invoke(Method.java:597)
	at org.apache.maven.surefire.booter.SurefireBooter.runSuitesInProcess(SurefireBooter.java:338)
	at org.apache.maven.surefire.booter.SurefireBooter.main(SurefireBooter.java:997)
Caused by: java.lang.ClassNotFoundException: org.apache.log.format.Formatter
	at java.net.URLClassLoader$1.run(URLClassLoader.java:200)
	at java.security.AccessController.doPrivileged(Native Method)
	at java.net.URLClassLoader.findClass(URLClassLoader.java:188)
	at java.lang.ClassLoader.loadClass(ClassLoader.java:306)
	at sun.misc.Launcher$AppClassLoader.loadClass(Launcher.java:276)
	at java.lang.ClassLoader.loadClass(ClassLoader.java:251)
	at java.lang.ClassLoader.loadClassInternal(ClassLoader.java:319)
	... 34 more
2008-10-25 11:23:37,667 - Trying to use logger class org.apache.velocity.runtime.log.Log4JLogChute
2008-10-25 11:23:37,667 - Using logger class org.apache.velocity.runtime.log.Log4JLogChute
2008-10-25 11:23:37,667 - Default ResourceManager initializing. (class org.apache.velocity.runtime.resource.ResourceManagerImpl)
2008-10-25 11:23:37,667 - ResourceLoader instantiated: org.apache.velocity.runtime.resource.loader.FileResourceLoader
2008-10-25 11:23:37,667 - Do unicode file recognition:  false
2008-10-25 11:23:37,667 - FileResourceLoader : adding path 'd:/development/workspaces/plexus-branches/openuss-plexus-3.1/openformula/formula-jsf/src/main/resources'
2008-10-25 11:23:37,682 - ResourceCache: initialized (class org.apache.velocity.runtime.resource.ResourceCacheImpl)
2008-10-25 11:23:37,698 - Loaded System Directive: org.apache.velocity.runtime.directive.Literal
2008-10-25 11:23:37,698 - Loaded System Directive: org.apache.velocity.runtime.directive.Macro
2008-10-25 11:23:37,698 - Loaded System Directive: org.apache.velocity.runtime.directive.Parse
2008-10-25 11:23:37,698 - Loaded System Directive: org.apache.velocity.runtime.directive.Include
2008-10-25 11:23:37,698 - Loaded System Directive: org.apache.velocity.runtime.directive.Foreach
2008-10-25 11:23:37,729 - Created '20' parsers.
2008-10-25 11:23:37,745 - Velocimacro : "velocimacro.library" is not set.  Trying default library: VM_global_library.vm
2008-10-25 11:23:37,791 - Velocimacro : Default library not found.
2008-10-25 11:23:37,791 - Velocimacro : allowInline = true : VMs can be defined inline in templates
2008-10-25 11:23:37,791 - Velocimacro : allowInlineToOverride = false : VMs defined inline may NOT replace previous VM definitions
2008-10-25 11:23:37,791 - Velocimacro : allowInlineLocal = false : VMs defined inline will be global in scope if allowed.
2008-10-25 11:23:37,791 - Velocimacro : autoload off : VM system will not automatically reload global library macros
2008-10-25 11:23:37,823 - ResourceManager : found templates/editor.vsl with loader org.apache.velocity.runtime.resource.loader.FileResourceLoader
